<?xml version="1.0" encoding="UTF-8"?>
<testng-results ignored="0" total="0" passed="0" failed="0" skipped="0">
  <reporter-output>
  </reporter-output>
  <suite started-at="2020-11-12T18:17:41 ART" name="Default suite" finished-at="2020-11-12T18:18:06 ART" duration-ms="24675">
    <groups>
    </groups>
    <test started-at="2020-11-12T18:17:41 ART" name="Default test" finished-at="2020-11-12T18:18:06 ART" duration-ms="24675">
      <class name="co.JSME.FravegaClass">
        <test-method is-config="true" signature="launchChromeAndEnterMainPage()[pri:0, instance:co.JSME.FravegaClass@7692d9cc]" started-at="2020-11-12T18:17:42 ART" name="launchChromeAndEnterMainPage" finished-at="2020-11-12T18:18:06 ART" duration-ms="24644" status="FAIL">
          <exception class="java.lang.ClassCastException">
            <message>
              <![CDATA[class org.openqa.selenium.Dimension cannot be cast to class org.openqa.selenium.WebElement (org.openqa.selenium.Dimension and org.openqa.selenium.WebElement are in unnamed module of loader 'app')]]>
            </message>
            <full-stacktrace>
              <![CDATA[java.lang.ClassCastException: class org.openqa.selenium.Dimension cannot be cast to class org.openqa.selenium.WebElement (org.openqa.selenium.Dimension and org.openqa.selenium.WebElement are in unnamed module of loader 'app')
at co.JSME.FravegaClass.launchChromeAndEnterMainPage(FravegaClass.java:51)
at java.base/jdk.internal.reflect.NativeMethodAccessorImpl.invoke0(Native Method)
at java.base/jdk.internal.reflect.NativeMethodAccessorImpl.invoke(NativeMethodAccessorImpl.java:64)
at java.base/jdk.internal.reflect.DelegatingMethodAccessorImpl.invoke(DelegatingMethodAccessorImpl.java:43)
at java.base/java.lang.reflect.Method.invoke(Method.java:564)
at org.testng.internal.MethodInvocationHelper.invokeMethod(MethodInvocationHelper.java:132)
at org.testng.internal.MethodInvocationHelper.invokeMethodConsideringTimeout(MethodInvocationHelper.java:61)
at org.testng.internal.ConfigInvoker.invokeConfigurationMethod(ConfigInvoker.java:366)
at org.testng.internal.ConfigInvoker.invokeConfigurations(ConfigInvoker.java:320)
at org.testng.TestRunner.invokeTestConfigurations(TestRunner.java:617)
at org.testng.TestRunner.beforeRun(TestRunner.java:607)
at org.testng.TestRunner.run(TestRunner.java:578)
at org.testng.SuiteRunner.runTest(SuiteRunner.java:384)
at org.testng.SuiteRunner.runSequentially(SuiteRunner.java:378)
at org.testng.SuiteRunner.privateRun(SuiteRunner.java:337)
at org.testng.SuiteRunner.run(SuiteRunner.java:286)
at org.testng.SuiteRunnerWorker.runSuite(SuiteRunnerWorker.java:53)
at org.testng.SuiteRunnerWorker.run(SuiteRunnerWorker.java:96)
at org.testng.TestNG.runSuitesSequentially(TestNG.java:1218)
at org.testng.TestNG.runSuitesLocally(TestNG.java:1140)
at org.testng.TestNG.runSuites(TestNG.java:1069)
at org.testng.TestNG.run(TestNG.java:1037)
at org.testng.remote.AbstractRemoteTestNG.run(AbstractRemoteTestNG.java:115)
at org.testng.remote.RemoteTestNG.initAndRun(RemoteTestNG.java:251)
at org.testng.remote.RemoteTestNG.main(RemoteTestNG.java:77)
]]>
            </full-stacktrace>
          </exception> <!-- java.lang.ClassCastException -->
          <reporter-output>
          </reporter-output>
        </test-method> <!-- launchChromeAndEnterMainPage -->
        <test-method is-config="true" signature="endSession()[pri:0, instance:co.JSME.FravegaClass@7692d9cc]" started-at="2020-11-12T18:18:06 ART" name="endSession" finished-at="1969-12-31T21:00:00 ART" duration-ms="-1605215886663" status="SKIP">
          <reporter-output>
          </reporter-output>
        </test-method> <!-- endSession -->
      </class> <!-- co.JSME.FravegaClass -->
    </test> <!-- Default test -->
  </suite> <!-- Default suite -->
</testng-results>
